[2021-01-17 06:59:19] local.ERROR: SQLSTATE[HY000] [1049] Unknown database 'laravel_smtp_gmail' (SQL: select * from information_schema.tables where table_schema = laravel_smtp_gmail and table_name = migrations and table_type = 'BASE TABLE') {"exception":"[object] (Illuminate\\Database\\QueryException(code: 1049): SQLSTATE[HY000] [1049] Unknown database 'laravel_smtp_gmail' (SQL: select * from information_schema.tables where table_schema = laravel_smtp_gmail and table_name = migrations and table_type = 'BASE TABLE') at /home/Dr4g0na/Desktop/project/laravel_SMTP_Gmail/vendor/laravel/framework/src/Illuminate/Database/Connection.php:678)
[stacktrace]
#0 /home/Dr4g0na/Desktop/project/laravel_SMTP_Gmail/vendor/laravel/framework/src/Illuminate/Database/Connection.php(638): Illuminate\\Database\\Connection->runQueryCallback()
#1 /home/Dr4g0na/Desktop/project/laravel_SMTP_Gmail/vendor/laravel/framework/src/Illuminate/Database/Connection.php(346): Illuminate\\Database\\Connection->run()
#2 /home/Dr4g0na/Desktop/project/laravel_SMTP_Gmail/vendor/laravel/framework/src/Illuminate/Database/Schema/MySqlBuilder.php(18): Illuminate\\Database\\Connection->select()
#3 /home/Dr4g0na/Desktop/project/laravel_SMTP_Gmail/vendor/laravel/framework/src/Illuminate/Database/Migrations/DatabaseMigrationRepository.php(169): Illuminate\\Database\\Schema\\MySqlBuilder->hasTable()
#4 /home/Dr4g0na/Desktop/project/laravel_SMTP_Gmail/vendor/laravel/framework/src/Illuminate/Database/Migrations/Migrator.php(608): Illuminate\\Database\\Migrations\\DatabaseMigrationRepository->repositoryExists()
#5 /home/Dr4g0na/Desktop/project/laravel_SMTP_Gmail/vendor/laravel/framework/src/Illuminate/Database/Console/Migrations/MigrateCommand.php(106): Illuminate\\Database\\Migrations\\Migrator->repositoryExists()
#6 /home/Dr4g0na/Desktop/project/laravel_SMTP_Gmail/vendor/laravel/framework/src/Illuminate/Database/Console/Migrations/MigrateCommand.php(77): Illuminate\\Database\\Console\\Migrations\\MigrateCommand->prepareDatabase()
#7 /home/Dr4g0na/Desktop/project/laravel_SMTP_Gmail/vendor/laravel/framework/src/Illuminate/Database/Migrations/Migrator.php(541): Illuminate\\Database\\Console\\Migrations\\MigrateCommand->Illuminate\\Database\\Console\\Migrations\\{closure}()
#8 /home/Dr4g0na/Desktop/project/laravel_SMTP_Gmail/vendor/laravel/framework/src/Illuminate/Database/Console/Migrations/MigrateCommand.php(94): Illuminate\\Database\\Migrations\\Migrator->usingConnection()
#9 /home/Dr4g0na/Desktop/project/laravel_SMTP_Gmail/vendor/laravel/framework/src/Illuminate/Container/BoundMethod.php(36): Illuminate\\Database\\Console\\Migrations\\MigrateCommand->handle()
#10 /home/Dr4g0na/Desktop/project/laravel_SMTP_Gmail/vendor/laravel/framework/src/Illuminate/Container/Util.php(40): Illuminate\\Container\\BoundMethod::Illuminate\\Container\\{closure}()
#11 /home/Dr4g0na/Desktop/project/laravel_SMTP_Gmail/vendor/laravel/framework/src/Illuminate/Container/BoundMethod.php(93): Illuminate\\Container\\Util::unwrapIfClosure()
#12 /home/Dr4g0na/Desktop/project/laravel_SMTP_Gmail/vendor/laravel/framework/src/Illuminate/Container/BoundMethod.php(37): Illuminate\\Container\\BoundMethod::callBoundMethod()
#13 /home/Dr4g0na/Desktop/project/laravel_SMTP_Gmail/vendor/laravel/framework/src/Illuminate/Container/Container.php(610): Illuminate\\Container\\BoundMethod::call()
#14 /home/Dr4g0na/Desktop/project/laravel_SMTP_Gmail/vendor/laravel/framework/src/Illuminate/Console/Command.php(136): Illuminate\\Container\\Container->call()
#15 /home/Dr4g0na/Desktop/project/laravel_SMTP_Gmail/vendor/symfony/console/Command/Command.php(255): Illuminate\\Console\\Command->execute()
#16 /home/Dr4g0na/Desktop/project/laravel_SMTP_Gmail/vendor/laravel/framework/src/Illuminate/Console/Command.php(121): Symfony\\Component\\Console\\Command\\Command->run()
#17 /home/Dr4g0na/Desktop/project/laravel_SMTP_Gmail/vendor/symfony/console/Application.php(971): Illuminate\\Console\\Command->run()
#18 /home/Dr4g0na/Desktop/project/laravel_SMTP_Gmail/vendor/symfony/console/Application.php(290): Symfony\\Component\\Console\\Application->doRunCommand()
#19 /home/Dr4g0na/Desktop/project/laravel_SMTP_Gmail/vendor/symfony/console/Application.php(166): Symfony\\Component\\Console\\Application->doRun()
#20 /home/Dr4g0na/Desktop/project/laravel_SMTP_Gmail/vendor/laravel/framework/src/Illuminate/Console/Application.php(93): Symfony\\Component\\Console\\Application->run()
#21 /home/Dr4g0na/Desktop/project/laravel_SMTP_Gmail/vendor/laravel/framework/src/Illuminate/Foundation/Console/Kernel.php(129): Illuminate\\Console\\Application->run()
#22 /home/Dr4g0na/Desktop/project/laravel_SMTP_Gmail/artisan(37): Illuminate\\Foundation\\Console\\Kernel->handle()
#23 {main}

[previous exception] [object] (PDOException(code: 1049): SQLSTATE[HY000] [1049] Unknown database 'laravel_smtp_gmail' at /home/Dr4g0na/Desktop/project/laravel_SMTP_Gmail/vendor/laravel/framework/src/Illuminate/Database/Connectors/Connector.php:70)
[stacktrace]
#0 /home/Dr4g0na/Desktop/project/laravel_SMTP_Gmail/vendor/laravel/framework/src/Illuminate/Database/Connectors/Connector.php(70): PDO->__construct()
#1 /home/Dr4g0na/Desktop/project/laravel_SMTP_Gmail/vendor/laravel/framework/src/Illuminate/Database/Connectors/Connector.php(46): Illuminate\\Database\\Connectors\\Connector->createPdoConnection()
#2 /home/Dr4g0na/Desktop/project/laravel_SMTP_Gmail/vendor/laravel/framework/src/Illuminate/Database/Connectors/MySqlConnector.php(24): Illuminate\\Database\\Connectors\\Connector->createConnection()
#3 /home/Dr4g0na/Desktop/project/laravel_SMTP_Gmail/vendor/laravel/framework/src/Illuminate/Database/Connectors/ConnectionFactory.php(184): Illuminate\\Database\\Connectors\\MySqlConnector->connect()
#4 [internal function]: Illuminate\\Database\\Connectors\\ConnectionFactory->Illuminate\\Database\\Connectors\\{closure}()
#5 /home/Dr4g0na/Desktop/project/laravel_SMTP_Gmail/vendor/laravel/framework/src/Illuminate/Database/Connection.php(939): call_user_func()
#6 /home/Dr4g0na/Desktop/project/laravel_SMTP_Gmail/vendor/laravel/framework/src/Illuminate/Database/Connection.php(974): Illuminate\\Database\\Connection->getPdo()
#7 /home/Dr4g0na/Desktop/project/laravel_SMTP_Gmail/vendor/laravel/framework/src/Illuminate/Database/Connection.php(412): Illuminate\\Database\\Connection->getReadPdo()
#8 /home/Dr4g0na/Desktop/project/laravel_SMTP_Gmail/vendor/laravel/framework/src/Illuminate/Database/Connection.php(338): Illuminate\\Database\\Connection->getPdoForSelect()
#9 /home/Dr4g0na/Desktop/project/laravel_SMTP_Gmail/vendor/laravel/framework/src/Illuminate/Database/Connection.php(671): Illuminate\\Database\\Connection->Illuminate\\Database\\{closure}()
#10 /home/Dr4g0na/Desktop/project/laravel_SMTP_Gmail/vendor/laravel/framework/src/Illuminate/Database/Connection.php(638): Illuminate\\Database\\Connection->runQueryCallback()
#11 /home/Dr4g0na/Desktop/project/laravel_SMTP_Gmail/vendor/laravel/framework/src/Illuminate/Database/Connection.php(346): Illuminate\\Database\\Connection->run()
#12 /home/Dr4g0na/Desktop/project/laravel_SMTP_Gmail/vendor/laravel/framework/src/Illuminate/Database/Schema/MySqlBuilder.php(18): Illuminate\\Database\\Connection->select()
#13 /home/Dr4g0na/Desktop/project/laravel_SMTP_Gmail/vendor/laravel/framework/src/Illuminate/Database/Migrations/DatabaseMigrationRepository.php(169): Illuminate\\Database\\Schema\\MySqlBuilder->hasTable()
#14 /home/Dr4g0na/Desktop/project/laravel_SMTP_Gmail/vendor/laravel/framework/src/Illuminate/Database/Migrations/Migrator.php(608): Illuminate\\Database\\Migrations\\DatabaseMigrationRepository->repositoryExists()
#15 /home/Dr4g0na/Desktop/project/laravel_SMTP_Gmail/vendor/laravel/framework/src/Illuminate/Database/Console/Migrations/MigrateCommand.php(106): Illuminate\\Database\\Migrations\\Migrator->repositoryExists()
#16 /home/Dr4g0na/Desktop/project/laravel_SMTP_Gmail/vendor/laravel/framework/src/Illuminate/Database/Console/Migrations/MigrateCommand.php(77): Illuminate\\Database\\Console\\Migrations\\MigrateCommand->prepareDatabase()
#17 /home/Dr4g0na/Desktop/project/laravel_SMTP_Gmail/vendor/laravel/framework/src/Illuminate/Database/Migrations/Migrator.php(541): Illuminate\\Database\\Console\\Migrations\\MigrateCommand->Illuminate\\Database\\Console\\Migrations\\{closure}()
#18 /home/Dr4g0na/Desktop/project/laravel_SMTP_Gmail/vendor/laravel/framework/src/Illuminate/Database/Console/Migrations/MigrateCommand.php(94): Illuminate\\Database\\Migrations\\Migrator->usingConnection()
#19 /home/Dr4g0na/Desktop/project/laravel_SMTP_Gmail/vendor/laravel/framework/src/Illuminate/Container/BoundMethod.php(36): Illuminate\\Database\\Console\\Migrations\\MigrateCommand->handle()
#20 /home/Dr4g0na/Desktop/project/laravel_SMTP_Gmail/vendor/laravel/framework/src/Illuminate/Container/Util.php(40): Illuminate\\Container\\BoundMethod::Illuminate\\Container\\{closure}()
#21 /home/Dr4g0na/Desktop/project/laravel_SMTP_Gmail/vendor/laravel/framework/src/Illuminate/Container/BoundMethod.php(93): Illuminate\\Container\\Util::unwrapIfClosure()
#22 /home/Dr4g0na/Desktop/project/laravel_SMTP_Gmail/vendor/laravel/framework/src/Illuminate/Container/BoundMethod.php(37): Illuminate\\Container\\BoundMethod::callBoundMethod()
#23 /home/Dr4g0na/Desktop/project/laravel_SMTP_Gmail/vendor/laravel/framework/src/Illuminate/Container/Container.php(610): Illuminate\\Container\\BoundMethod::call()
#24 /home/Dr4g0na/Desktop/project/laravel_SMTP_Gmail/vendor/laravel/framework/src/Illuminate/Console/Command.php(136): Illuminate\\Container\\Container->call()
#25 /home/Dr4g0na/Desktop/project/laravel_SMTP_Gmail/vendor/symfony/console/Command/Command.php(255): Illuminate\\Console\\Command->execute()
#26 /home/Dr4g0na/Desktop/project/laravel_SMTP_Gmail/vendor/laravel/framework/src/Illuminate/Console/Command.php(121): Symfony\\Component\\Console\\Command\\Command->run()
#27 /home/Dr4g0na/Desktop/project/laravel_SMTP_Gmail/vendor/symfony/console/Application.php(971): Illuminate\\Console\\Command->run()
#28 /home/Dr4g0na/Desktop/project/laravel_SMTP_Gmail/vendor/symfony/console/Application.php(290): Symfony\\Component\\Console\\Application->doRunCommand()
#29 /home/Dr4g0na/Desktop/project/laravel_SMTP_Gmail/vendor/symfony/console/Application.php(166): Symfony\\Component\\Console\\Application->doRun()
#30 /home/Dr4g0na/Desktop/project/laravel_SMTP_Gmail/vendor/laravel/framework/src/Illuminate/Console/Application.php(93): Symfony\\Component\\Console\\Application->run()
#31 /home/Dr4g0na/Desktop/project/laravel_SMTP_Gmail/vendor/laravel/framework/src/Illuminate/Foundation/Console/Kernel.php(129): Illuminate\\Console\\Application->run()
#32 /home/Dr4g0na/Desktop/project/laravel_SMTP_Gmail/artisan(37): Illuminate\\Foundation\\Console\\Kernel->handle()
#33 {main}
"} 
[2021-01-17 07:09:47] local.ERROR: Command "migrate:refesh" is not defined.

Did you mean one of these?
    migrate
    migrate:fresh
    migrate:install
    migrate:refresh
    migrate:reset
    migrate:rollback
    migrate:status {"exception":"[object] (Symfony\\Component\\Console\\Exception\\CommandNotFoundException(code: 0): Command \"migrate:refesh\" is not defined.

Did you mean one of these?
    migrate
    migrate:fresh
    migrate:install
    migrate:refresh
    migrate:reset
    migrate:rollback
    migrate:status at /home/Dr4g0na/Desktop/project/laravel_SMTP_Gmail/vendor/symfony/console/Application.php:675)
[stacktrace]
#0 /home/Dr4g0na/Desktop/project/laravel_SMTP_Gmail/vendor/symfony/console/Application.php(254): Symfony\\Component\\Console\\Application->find()
#1 /home/Dr4g0na/Desktop/project/laravel_SMTP_Gmail/vendor/symfony/console/Application.php(166): Symfony\\Component\\Console\\Application->doRun()
#2 /home/Dr4g0na/Desktop/project/laravel_SMTP_Gmail/vendor/laravel/framework/src/Illuminate/Console/Application.php(93): Symfony\\Component\\Console\\Application->run()
#3 /home/Dr4g0na/Desktop/project/laravel_SMTP_Gmail/vendor/laravel/framework/src/Illuminate/Foundation/Console/Kernel.php(129): Illuminate\\Console\\Application->run()
#4 /home/Dr4g0na/Desktop/project/laravel_SMTP_Gmail/artisan(37): Illuminate\\Foundation\\Console\\Kernel->handle()
#5 {main}
"} 
[2021-01-17 07:12:07] local.ERROR: There are no commands defined in the "clear" namespace. {"exception":"[object] (Symfony\\Component\\Console\\Exception\\NamespaceNotFoundException(code: 0): There are no commands defined in the \"clear\" namespace. at /home/Dr4g0na/Desktop/project/laravel_SMTP_Gmail/vendor/symfony/console/Application.php:605)
[stacktrace]
#0 /home/Dr4g0na/Desktop/project/laravel_SMTP_Gmail/vendor/symfony/console/Application.php(656): Symfony\\Component\\Console\\Application->findNamespace()
#1 /home/Dr4g0na/Desktop/project/laravel_SMTP_Gmail/vendor/symfony/console/Application.php(254): Symfony\\Component\\Console\\Application->find()
#2 /home/Dr4g0na/Desktop/project/laravel_SMTP_Gmail/vendor/symfony/console/Application.php(166): Symfony\\Component\\Console\\Application->doRun()
#3 /home/Dr4g0na/Desktop/project/laravel_SMTP_Gmail/vendor/laravel/framework/src/Illuminate/Console/Application.php(93): Symfony\\Component\\Console\\Application->run()
#4 /home/Dr4g0na/Desktop/project/laravel_SMTP_Gmail/vendor/laravel/framework/src/Illuminate/Foundation/Console/Kernel.php(129): Illuminate\\Console\\Application->run()
#5 /home/Dr4g0na/Desktop/project/laravel_SMTP_Gmail/artisan(37): Illuminate\\Foundation\\Console\\Kernel->handle()
#6 {main}
"} 
